<?xml version="1.0" encoding="UTF-8"?>
<!-- Generated by org.testng.reporters.JUnitReportReporter -->
<testsuite hostname="DESKTOP-OLM3RMB" failures="0" tests="3" name="excelTestNG.DataProviderUse2" time="25.660" errors="0" timestamp="2022-12-06T11:34:46 IST" skipped="0">
  <testcase classname="excelTestNG.DataProviderUse2" name="loginValidation" time="10.346"/>
  <system-out/>
  <testcase classname="excelTestNG.DataProviderUse2" name="loginValidation" time="10.999"/>
  <system-out/>
  <testcase classname="excelTestNG.DataProviderUse2" name="loginValidation" time="4.315"/>
  <system-out/>
</testsuite> <!-- excelTestNG.DataProviderUse2 -->
