<?xml version="1.0" encoding="UTF-8"?>
<!-- Generated by org.testng.reporters.JUnitReportReporter -->
<testsuite hostname="DESKTOP-OLM3RMB" failures="0" tests="2" name="excelTestNG.DataProviderUse" time="23.553" errors="0" timestamp="2022-11-29T16:22:41 IST" skipped="0">
  <testcase classname="excelTestNG.DataProviderUse" name="loginValidation" time="13.153"/>
  <system-out/>
  <testcase classname="excelTestNG.DataProviderUse" name="loginValidation" time="10.400"/>
  <system-out/>
</testsuite> <!-- excelTestNG.DataProviderUse -->
