<?xml version="1.0" encoding="UTF-8"?>
<!-- Generated by org.testng.reporters.JUnitReportReporter -->
<testsuite hostname="DESKTOP-OLM3RMB" failures="0" tests="4" name="com.realestatecrm.NewTest" time="0.010" errors="0" timestamp="2022-10-18T16:46:44 IST" skipped="0">
  <testcase classname="com.realestatecrm.NewTest" name="newtest" time="0.002"/>
  <system-out/>
  <testcase classname="com.realestatecrm.NewTest" name="newtest" time="0.001"/>
  <system-out/>
  <testcase classname="com.realestatecrm.NewTest" name="newtest" time="0.000"/>
  <system-out/>
  <testcase classname="com.realestatecrm.NewTest" name="newtest" time="0.007"/>
  <system-out/>
</testsuite> <!-- com.realestatecrm.NewTest -->
